<?xml version="1.0" encoding="UTF-8"?>
<testng-results ignored="0" total="4" passed="3" failed="1" skipped="0">
  <reporter-output>
  </reporter-output>
  <suite started-at="2023-06-16T01:08:58 IST" name="Suite" finished-at="2023-06-16T01:09:15 IST" duration-ms="16494">
    <groups>
    </groups>
    <test started-at="2023-06-16T01:08:58 IST" name="Page Object Model Project" finished-at="2023-06-16T01:09:15 IST" duration-ms="16494">
      <class name="pages_Testcases.BlazeSignup">
        <test-method is-config="true" signature="setup()[pri:0, instance:pages_Testcases.BlazeSignup@459e9125]" started-at="2023-06-16T01:08:58 IST" name="setup" finished-at="2023-06-16T01:09:01 IST" duration-ms="2727" status="PASS">
          <reporter-output>
          </reporter-output>
        </test-method> <!-- setup -->
        <test-method is-config="true" signature="url()[pri:0, instance:pages_Testcases.BlazeSignup@459e9125]" started-at="2023-06-16T01:09:05 IST" name="url" finished-at="2023-06-16T01:09:06 IST" duration-ms="1369" status="PASS">
          <reporter-output>
          </reporter-output>
        </test-method> <!-- url -->
        <test-method signature="verifylogin()[pri:0, instance:pages_Testcases.BlazeSignup@459e9125]" started-at="2023-06-16T01:09:06 IST" name="verifylogin" finished-at="2023-06-16T01:09:07 IST" duration-ms="813" status="PASS">
          <reporter-output>
          </reporter-output>
        </test-method> <!-- verifylogin -->
        <test-method is-config="true" signature="teardown()[pri:0, instance:pages_Testcases.BlazeSignup@459e9125]" started-at="2023-06-16T01:09:07 IST" name="teardown" finished-at="2023-06-16T01:09:08 IST" duration-ms="961" status="PASS">
          <reporter-output>
          </reporter-output>
        </test-method> <!-- teardown -->
      </class> <!-- pages_Testcases.BlazeSignup -->
      <class name="pages_Testcases.Blazelogin">
        <test-method is-config="true" signature="setup()[pri:0, instance:pages_Testcases.Blazelogin@7b2bbc3]" started-at="2023-06-16T01:09:01 IST" name="setup" finished-at="2023-06-16T01:09:02 IST" duration-ms="1038" status="PASS">
          <reporter-output>
          </reporter-output>
        </test-method> <!-- setup -->
        <test-method is-config="true" signature="url()[pri:0, instance:pages_Testcases.Blazelogin@7b2bbc3]" started-at="2023-06-16T01:09:08 IST" name="url" finished-at="2023-06-16T01:09:09 IST" duration-ms="1271" status="PASS">
          <reporter-output>
          </reporter-output>
        </test-method> <!-- url -->
        <test-method signature="verifylogin()[pri:0, instance:pages_Testcases.Blazelogin@7b2bbc3]" started-at="2023-06-16T01:09:09 IST" name="verifylogin" finished-at="2023-06-16T01:09:10 IST" duration-ms="856" status="PASS">
          <reporter-output>
          </reporter-output>
        </test-method> <!-- verifylogin -->
        <test-method is-config="true" signature="teardown()[pri:0, instance:pages_Testcases.Blazelogin@7b2bbc3]" started-at="2023-06-16T01:09:10 IST" name="teardown" finished-at="2023-06-16T01:09:10 IST" duration-ms="234" status="PASS">
          <reporter-output>
          </reporter-output>
        </test-method> <!-- teardown -->
      </class> <!-- pages_Testcases.Blazelogin -->
      <class name="pages_Testcases.verifylogo">
        <test-method is-config="true" signature="setup()[pri:0, instance:pages_Testcases.verifylogo@1aafa419]" started-at="2023-06-16T01:09:03 IST" name="setup" finished-at="2023-06-16T01:09:04 IST" duration-ms="1346" status="PASS">
          <reporter-output>
          </reporter-output>
        </test-method> <!-- setup -->
        <test-method is-config="true" signature="url()[pri:0, instance:pages_Testcases.verifylogo@1aafa419]" started-at="2023-06-16T01:09:12 IST" name="url" finished-at="2023-06-16T01:09:14 IST" duration-ms="1905" status="PASS">
          <reporter-output>
          </reporter-output>
        </test-method> <!-- url -->
        <test-method signature="verifylogoo()[pri:0, instance:pages_Testcases.verifylogo@1aafa419]" started-at="2023-06-16T01:09:14 IST" name="verifylogoo" finished-at="2023-06-16T01:09:14 IST" duration-ms="442" status="PASS">
          <reporter-output>
          </reporter-output>
        </test-method> <!-- verifylogoo -->
        <test-method is-config="true" signature="teardown()[pri:0, instance:pages_Testcases.verifylogo@1aafa419]" started-at="2023-06-16T01:09:14 IST" name="teardown" finished-at="2023-06-16T01:09:15 IST" duration-ms="213" status="PASS">
          <reporter-output>
          </reporter-output>
        </test-method> <!-- teardown -->
      </class> <!-- pages_Testcases.verifylogo -->
      <class name="pages_Testcases.Homepage">
        <test-method is-config="true" signature="setup()[pri:0, instance:pages_Testcases.Homepage@a1153bc]" started-at="2023-06-16T01:09:02 IST" name="setup" finished-at="2023-06-16T01:09:03 IST" duration-ms="1180" status="PASS">
          <reporter-output>
          </reporter-output>
        </test-method> <!-- setup -->
        <test-method is-config="true" signature="url()[pri:0, instance:pages_Testcases.Homepage@a1153bc]" started-at="2023-06-16T01:09:10 IST" name="url" finished-at="2023-06-16T01:09:11 IST" duration-ms="1272" status="PASS">
          <reporter-output>
          </reporter-output>
        </test-method> <!-- url -->
        <test-method signature="Homepageverification()[pri:0, instance:pages_Testcases.Homepage@a1153bc]" started-at="2023-06-16T01:09:11 IST" name="Homepageverification" finished-at="2023-06-16T01:09:12 IST" duration-ms="779" status="FAIL">
          <exception class="org.openqa.selenium.StaleElementReferenceException">
            <message>
              <![CDATA[stale element reference: stale element not found
  (Session info: chrome=114.0.5735.133)
For documentation on this error, please visit: https://selenium.dev/exceptions/#stale_element_reference
Build info: version: '4.8.1', revision: '8ebccac989'
System info: os.name: 'Windows 10', os.arch: 'amd64', os.version: '10.0', java.version: '19.0.2'
Driver info: org.openqa.selenium.chrome.ChromeDriver
Command: [4feb91a26ff4f37a6655c127adbfaf65, clickElement {id=A8360FC0B6041ADA528E14852A492F21_element_24}]
Capabilities {acceptInsecureCerts: false, browserName: chrome, browserVersion: 114.0.5735.133, chrome: {chromedriverVersion: 114.0.5735.90 (386bc09e8f4f..., userDataDir: C:\WINDOWS\SystemTemp\scope...}, goog:chromeOptions: {debuggerAddress: localhost:65189}, networkConnectionEnabled: false, pageLoadStrategy: normal, platformName: WINDOWS, proxy: Proxy(), se:cdp: ws://localhost:65189/devtoo..., se:cdpVersion: 114.0.5735.133, setWindowRect: true, strictFileInteractability: false, timeouts: {implicit: 0, pageLoad: 300000, script: 30000}, unhandledPromptBehavior: dismiss and notify, webauthn:extension:credBlob: true, webauthn:extension:largeBlob: true, webauthn:extension:minPinLength: true, webauthn:extension:prf: true, webauthn:virtualAuthenticators: true}
Element: [[ChromeDriver: chrome on WINDOWS (4feb91a26ff4f37a6655c127adbfaf65)] -> xpath: //*[@id="navbarExample"]/ul/li[1]/a]
Session ID: 4feb91a26ff4f37a6655c127adbfaf65]]>
            </message>
            <full-stacktrace>
              <![CDATA[org.openqa.selenium.StaleElementReferenceException: stale element reference: stale element not found
  (Session info: chrome=114.0.5735.133)
For documentation on this error, please visit: https://selenium.dev/exceptions/#stale_element_reference
Build info: version: '4.8.1', revision: '8ebccac989'
System info: os.name: 'Windows 10', os.arch: 'amd64', os.version: '10.0', java.version: '19.0.2'
Driver info: org.openqa.selenium.chrome.ChromeDriver
Command: [4feb91a26ff4f37a6655c127adbfaf65, clickElement {id=A8360FC0B6041ADA528E14852A492F21_element_24}]
Capabilities {acceptInsecureCerts: false, browserName: chrome, browserVersion: 114.0.5735.133, chrome: {chromedriverVersion: 114.0.5735.90 (386bc09e8f4f..., userDataDir: C:\WINDOWS\SystemTemp\scope...}, goog:chromeOptions: {debuggerAddress: localhost:65189}, networkConnectionEnabled: false, pageLoadStrategy: normal, platformName: WINDOWS, proxy: Proxy(), se:cdp: ws://localhost:65189/devtoo..., se:cdpVersion: 114.0.5735.133, setWindowRect: true, strictFileInteractability: false, timeouts: {implicit: 0, pageLoad: 300000, script: 30000}, unhandledPromptBehavior: dismiss and notify, webauthn:extension:credBlob: true, webauthn:extension:largeBlob: true, webauthn:extension:minPinLength: true, webauthn:extension:prf: true, webauthn:virtualAuthenticators: true}
Element: [[ChromeDriver: chrome on WINDOWS (4feb91a26ff4f37a6655c127adbfaf65)] -> xpath: //*[@id="navbarExample"]/ul/li[1]/a]
Session ID: 4feb91a26ff4f37a6655c127adbfaf65
at java.base/jdk.internal.reflect.DirectConstructorHandleAccessor.newInstance(DirectConstructorHandleAccessor.java:67)
at java.base/java.lang.reflect.Constructor.newInstanceWithCaller(Constructor.java:500)
at java.base/java.lang.reflect.Constructor.newInstance(Constructor.java:484)
at org.openqa.selenium.remote.codec.w3c.W3CHttpResponseCodec.createException(W3CHttpResponseCodec.java:200)
at org.openqa.selenium.remote.codec.w3c.W3CHttpResponseCodec.decode(W3CHttpResponseCodec.java:133)
at org.openqa.selenium.remote.codec.w3c.W3CHttpResponseCodec.decode(W3CHttpResponseCodec.java:53)
at org.openqa.selenium.remote.HttpCommandExecutor.execute(HttpCommandExecutor.java:184)
at org.openqa.selenium.remote.service.DriverCommandExecutor.invokeExecute(DriverCommandExecutor.java:167)
at org.openqa.selenium.remote.service.DriverCommandExecutor.execute(DriverCommandExecutor.java:142)
at org.openqa.selenium.remote.RemoteWebDriver.execute(RemoteWebDriver.java:543)
at org.openqa.selenium.remote.RemoteWebElement.execute(RemoteWebElement.java:257)
at org.openqa.selenium.remote.RemoteWebElement.click(RemoteWebElement.java:78)
at pages_Testcases.Homepage.Homepageverification(Homepage.java:56)
at java.base/jdk.internal.reflect.DirectMethodHandleAccessor.invoke(DirectMethodHandleAccessor.java:104)
at java.base/java.lang.reflect.Method.invoke(Method.java:578)
at org.testng.internal.MethodInvocationHelper.invokeMethod(MethodInvocationHelper.java:133)
at org.testng.internal.TestInvoker.invokeMethod(TestInvoker.java:598)
at org.testng.internal.TestInvoker.invokeTestMethod(TestInvoker.java:173)
at org.testng.internal.MethodRunner.runInSequence(MethodRunner.java:46)
at org.testng.internal.TestInvoker$MethodInvocationAgent.invoke(TestInvoker.java:824)
at org.testng.internal.TestInvoker.invokeTestMethods(TestInvoker.java:146)
at org.testng.internal.TestMethodWorker.invokeTestMethods(TestMethodWorker.java:146)
at org.testng.internal.TestMethodWorker.run(TestMethodWorker.java:128)
at java.base/java.util.ArrayList.forEach(ArrayList.java:1511)
at org.testng.TestRunner.privateRun(TestRunner.java:794)
at org.testng.TestRunner.run(TestRunner.java:596)
at org.testng.SuiteRunner.runTest(SuiteRunner.java:377)
at org.testng.SuiteRunner.runSequentially(SuiteRunner.java:371)
at org.testng.SuiteRunner.privateRun(SuiteRunner.java:332)
at org.testng.SuiteRunner.run(SuiteRunner.java:276)
at org.testng.SuiteRunnerWorker.runSuite(SuiteRunnerWorker.java:53)
at org.testng.SuiteRunnerWorker.run(SuiteRunnerWorker.java:96)
at org.testng.TestNG.runSuitesSequentially(TestNG.java:1212)
at org.testng.TestNG.runSuitesLocally(TestNG.java:1134)
at org.testng.TestNG.runSuites(TestNG.java:1063)
at org.testng.TestNG.run(TestNG.java:1031)
at org.testng.remote.AbstractRemoteTestNG.run(AbstractRemoteTestNG.java:115)
at org.testng.remote.RemoteTestNG.initAndRun(RemoteTestNG.java:251)
at org.testng.remote.RemoteTestNG.main(RemoteTestNG.java:77)
]]>
            </full-stacktrace>
          </exception> <!-- org.openqa.selenium.StaleElementReferenceException -->
          <reporter-output>
          </reporter-output>
        </test-method> <!-- Homepageverification -->
      </class> <!-- pages_Testcases.Homepage -->
    </test> <!-- Page Object Model Project -->
  </suite> <!-- Suite -->
</testng-results>
